# JRE version: Java(TM) SE Runtime Environment (7.0_45-b18) (build 1.7.0_45-b18)
# Java VM: Java HotSpot(TM) 64-Bit Server VM (24.45-b08 mixed mode windows-amd64 compressed oops)
Heap
 PSYoungGen      total 593408K, used 466618K [0x00000007d5f00000, 0x00000007fff00000, 0x0000000800000000)
  eden space 499712K, 76% used [0x00000007d5f00000,0x00000007ed3e61c8,0x00000007f4700000)
  from space 93696K, 90% used [0x00000007fa380000,0x00000007ff6489b0,0x00000007fff00000)
  to   space 94208K, 0% used [0x00000007f4700000,0x00000007f4700000,0x00000007fa300000)
 ParOldGen       total 173056K, used 149640K [0x0000000781e00000, 0x000000078c700000, 0x00000007d5f00000)
  object space 173056K, 86% used [0x0000000781e00000,0x000000078b0223f8,0x000000078c700000)
 PSPermGen       total 39936K, used 27088K [0x000000077cc00000, 0x000000077f300000, 0x0000000781e00000)
  object space 39936K, 67% used [0x000000077cc00000,0x000000077e674228,0x000000077f300000)
GC Heap History (10 events):
Event: 37.961 GC heap before
{Heap before GC invocations=54 (full 2):
 PSYoungGen      total 591360K, used 578801K [0x00000007d5f00000, 0x00000007fff80000, 0x0000000800000000)
  eden space 494592K, 100% used [0x00000007d5f00000,0x00000007f4200000,0x00000007f4200000)
  from space 96768K, 87% used [0x00000007f4200000,0x00000007f943c658,0x00000007fa080000)
  to   space 96256K, 0% used [0x00000007fa180000,0x00000007fa180000,0x00000007fff80000)
 ParOldGen       total 173056K, used 142250K [0x0000000781e00000, 0x000000078c700000, 0x00000007d5f00000)
  object space 173056K, 82% used [0x0000000781e00000,0x000000078a8ea8d0,0x000000078c700000)
 PSPermGen       total 39936K, used 17779K [0x000000077cc00000, 0x000000077f300000, 0x0000000781e00000)
  object space 39936K, 44% used [0x000000077cc00000,0x000000077dd5cd38,0x000000077f300000)
Event: 38.077 GC heap after
Heap after GC invocations=54 (full 2):
 PSYoungGen      total 591360K, used 83821K [0x00000007d5f00000, 0x00000007ffe80000, 0x0000000800000000)
  eden space 496128K, 0% used [0x00000007d5f00000,0x00000007d5f00000,0x00000007f4380000)
  from space 95232K, 88% used [0x00000007fa180000,0x00000007ff35b410,0x00000007ffe80000)
  to   space 95744K, 0% used [0x00000007f4380000,0x00000007f4380000,0x00000007fa100000)
 ParOldGen       total 173056K, used 143679K [0x0000000781e00000, 0x000000078c700000, 0x00000007d5f00000)
  object space 173056K, 83% used [0x0000000781e00000,0x000000078aa4fcf0,0x000000078c700000)
 PSPermGen       total 39936K, used 17779K [0x000000077cc00000, 0x000000077f300000, 0x0000000781e00000)
  object space 39936K, 44% used [0x000000077cc00000,0x000000077dd5cd38,0x000000077f300000)
}
Event: 38.675 GC heap before
{Heap before GC invocations=55 (full 2):
 PSYoungGen      total 591360K, used 579949K [0x00000007d5f00000, 0x00000007ffe80000, 0x0000000800000000)
  eden space 496128K, 100% used [0x00000007d5f00000,0x00000007f4380000,0x00000007f4380000)
  from space 95232K, 88% used [0x00000007fa180000,0x00000007ff35b410,0x00000007ffe80000)
  to   space 95744K, 0% used [0x00000007f4380000,0x00000007f4380000,0x00000007fa100000)
 ParOldGen       total 173056K, used 143679K [0x0000000781e00000, 0x000000078c700000, 0x00000007d5f00000)
  object space 173056K, 83% used [0x0000000781e00000,0x000000078aa4fcf0,0x000000078c700000)
 PSPermGen       total 39936K, used 17779K [0x000000077cc00000, 0x000000077f300000, 0x0000000781e00000)
  object space 39936K, 44% used [0x000000077cc00000,0x000000077dd5ce38,0x000000077f300000)
Event: 38.791 GC heap after
Heap after GC invocations=55 (full 2):
 PSYoungGen      total 591872K, used 83886K [0x00000007d5f00000, 0x00000007fff80000, 0x0000000800000000)
  eden space 496128K, 0% used [0x00000007d5f00000,0x00000007d5f00000,0x00000007f4380000)
  from space 95744K, 87% used [0x00000007f4380000,0x00000007f956bad8,0x00000007fa100000)
  to   space 95232K, 0% used [0x00000007fa280000,0x00000007fa280000,0x00000007fff80000)
 ParOldGen       total 173056K, used 145076K [0x0000000781e00000, 0x000000078c700000, 0x00000007d5f00000)
  object space 173056K, 83% used [0x0000000781e00000,0x000000078abad110,0x000000078c700000)
 PSPermGen       total 39936K, used 17779K [0x000000077cc00000, 0x000000077f300000, 0x0000000781e00000)
  object space 39936K, 44% used [0x000000077cc00000,0x000000077dd5ce38,0x000000077f300000)
}
Event: 39.393 GC heap before
{Heap before GC invocations=56 (full 2):
 PSYoungGen      total 591872K, used 580014K [0x00000007d5f00000, 0x00000007fff80000, 0x0000000800000000)
  eden space 496128K, 100% used [0x00000007d5f00000,0x00000007f4380000,0x00000007f4380000)
  from space 95744K, 87% used [0x00000007f4380000,0x00000007f956bad8,0x00000007fa100000)
  to   space 95232K, 0% used [0x00000007fa280000,0x00000007fa280000,0x00000007fff80000)
 ParOldGen       total 173056K, used 145076K [0x0000000781e00000, 0x000000078c700000, 0x00000007d5f00000)
  object space 173056K, 83% used [0x0000000781e00000,0x000000078abad110,0x000000078c700000)
 PSPermGen       total 39936K, used 17780K [0x000000077cc00000, 0x000000077f300000, 0x0000000781e00000)
  object space 39936K, 44% used [0x000000077cc00000,0x000000077dd5d308,0x000000077f300000)
Event: 39.511 GC heap after
Heap after GC invocations=56 (full 2):
 PSYoungGen      total 592384K, used 84357K [0x00000007d5f00000, 0x00000007ffe80000, 0x0000000800000000)
  eden space 498176K, 0% used [0x00000007d5f00000,0x00000007d5f00000,0x00000007f4580000)
  from space 94208K, 89% used [0x00000007fa280000,0x00000007ff4e1508,0x00000007ffe80000)
  to   space 94720K, 0% used [0x00000007f4580000,0x00000007f4580000,0x00000007fa200000)
 ParOldGen       total 173056K, used 146609K [0x0000000781e00000, 0x000000078c700000, 0x00000007d5f00000)
  object space 173056K, 84% used [0x0000000781e00000,0x000000078ad2c540,0x000000078c700000)
 PSPermGen       total 39936K, used 17780K [0x000000077cc00000, 0x000000077f300000, 0x0000000781e00000)
  object space 39936K, 44% used [0x000000077cc00000,0x000000077dd5d308,0x000000077f300000)
}
Event: 40.114 GC heap before
{Heap before GC invocations=57 (full 2):
 PSYoungGen      total 592384K, used 582533K [0x00000007d5f00000, 0x00000007ffe80000, 0x0000000800000000)
  eden space 498176K, 100% used [0x00000007d5f00000,0x00000007f4580000,0x00000007f4580000)
  from space 94208K, 89% used [0x00000007fa280000,0x00000007ff4e1508,0x00000007ffe80000)
  to   space 94720K, 0% used [0x00000007f4580000,0x00000007f4580000,0x00000007fa200000)
 ParOldGen       total 173056K, used 146609K [0x0000000781e00000, 0x000000078c700000, 0x00000007d5f00000)
  object space 173056K, 84% used [0x0000000781e00000,0x000000078ad2c540,0x000000078c700000)
 PSPermGen       total 39936K, used 17780K [0x000000077cc00000, 0x000000077f300000, 0x0000000781e00000)
  object space 39936K, 44% used [0x000000077cc00000,0x000000077dd5d308,0x000000077f300000)
Event: 40.231 GC heap after
Heap after GC invocations=57 (full 2):
 PSYoungGen      total 592896K, used 85264K [0x00000007d5f00000, 0x0000000800000000, 0x0000000800000000)
  eden space 498176K, 0% used [0x00000007d5f00000,0x00000007d5f00000,0x00000007f4580000)
  from space 94720K, 90% used [0x00000007f4580000,0x00000007f98c43b8,0x00000007fa200000)
  to   space 94720K, 0% used [0x00000007fa380000,0x00000007fa380000,0x0000000800000000)
 ParOldGen       total 173056K, used 148067K [0x0000000781e00000, 0x000000078c700000, 0x00000007d5f00000)
  object space 173056K, 85% used [0x0000000781e00000,0x000000078ae98fd8,0x000000078c700000)
 PSPermGen       total 39936K, used 17780K [0x000000077cc00000, 0x000000077f300000, 0x0000000781e00000)
  object space 39936K, 44% used [0x000000077cc00000,0x000000077dd5d308,0x000000077f300000)
}
Event: 40.836 GC heap before
{Heap before GC invocations=58 (full 2):
 PSYoungGen      total 592896K, used 583440K [0x00000007d5f00000, 0x0000000800000000, 0x0000000800000000)
  eden space 498176K, 100% used [0x00000007d5f00000,0x00000007f4580000,0x00000007f4580000)
  from space 94720K, 90% used [0x00000007f4580000,0x00000007f98c43b8,0x00000007fa200000)
  to   space 94720K, 0% used [0x00000007fa380000,0x00000007fa380000,0x0000000800000000)
 ParOldGen       total 173056K, used 148067K [0x0000000781e00000, 0x000000078c700000, 0x00000007d5f00000)
  object space 173056K, 85% used [0x0000000781e00000,0x000000078ae98fd8,0x000000078c700000)
 PSPermGen       total 39936K, used 17780K [0x000000077cc00000, 0x000000077f300000, 0x0000000781e00000)
  object space 39936K, 44% used [0x000000077cc00000,0x000000077dd5d308,0x000000077f300000)
Event: 40.955 GC heap after
Heap after GC invocations=58 (full 2):
 PSYoungGen      total 593408K, used 84770K [0x00000007d5f00000, 0x00000007fff00000, 0x0000000800000000)
  eden space 499712K, 0% used [0x00000007d5f00000,0x00000007d5f00000,0x00000007f4700000)
  from space 93696K, 90% used [0x00000007fa380000,0x00000007ff6489b0,0x00000007fff00000)
  to   space 94208K, 0% used [0x00000007f4700000,0x00000007f4700000,0x00000007fa300000)
 ParOldGen       total 173056K, used 149640K [0x0000000781e00000, 0x000000078c700000, 0x00000007d5f00000)
  object space 173056K, 86% used [0x0000000781e00000,0x000000078b0223f8,0x000000078c700000)
 PSPermGen       total 39936K, used 17780K [0x000000077cc00000, 0x000000077f300000, 0x0000000781e00000)
  object space 39936K, 44% used [0x000000077cc00000,0x000000077dd5d308,0x000000077f300000)
}

